{
  "RSpec": {
    "coverage": {
      "/Users/Maximus225/Turing/module_3/road_tripper/app/helpers/application_helper.rb": [
        1,
        null
      ],
      "/Users/Maximus225/Turing/module_3/road_tripper/app/models/user.rb": [
        1,
        1,
        null,
        1,
        null,
        null,
        1,
        null,
        1,
        null,
        1,
        null,
        null,
        1,
        1,
        null,
        1,
        1,
        1,
        1,
        1,
        1,
        null,
        1,
        null,
        null
      ],
      "/Users/Maximus225/Turing/module_3/road_tripper/app/controllers/welcome_controller.rb": [
        1,
        null,
        1,
        null,
        null
      ],
      "/Users/Maximus225/Turing/module_3/road_tripper/app/controllers/application_controller.rb": [
        1,
        null,
        null,
        1,
        null,
        1,
        null,
        1,
        null,
        1,
        8,
        null,
        null,
        1,
        null,
        1,
        7,
        null,
        null
      ],
      "/Users/Maximus225/Turing/module_3/road_tripper/app/controllers/sessions_controller.rb": [
        1,
        1,
        1,
        null,
        null,
        1,
        1,
        1,
        1,
        1,
        null,
        0,
        null,
        null,
        null,
        1,
        1,
        1,
        null,
        null,
        1,
        null,
        1,
        1,
        null,
        null
      ],
      "/Users/Maximus225/Turing/module_3/road_tripper/app/controllers/dashboard_controller.rb": [
        1,
        null,
        1,
        null,
        null
      ]
    },
    "timestamp": 1439485717
  }
}
