{
  "RSpec": {
    "coverage": {
      "/Users/Maximus225/Turing/module_3/road_tripper/spec/feature/unauth_user_spec.rb": [
        1,
        null,
        1,
        null,
        1,
        2,
        null,
        null,
        1,
        null,
        1,
        1,
        null,
        null,
        1,
        1,
        1,
        1,
        null,
        null,
        null
      ],
      "/Users/Maximus225/Turing/module_3/road_tripper/spec/rails_helper.rb": [
        null,
        1,
        1,
        null,
        1,
        1,
        1,
        null,
        null,
        null,
        null,
        null,
        null,
        null,
        null,
        null,
        null,
        null,
        null,
        null,
        null,
        null,
        null,
        null,
        null,
        null,
        1,
        null,
        1,
        null,
        1,
        null,
        null,
        null,
        null,
        1,
        null,
        null,
        null,
        null,
        null,
        null,
        null,
        null,
        null,
        null,
        null,
        null,
        null,
        null,
        1,
        null
      ],
      "/Users/Maximus225/Turing/module_3/road_tripper/config/environment.rb": [
        null,
        1,
        null,
        null,
        1
      ],
      "/Users/Maximus225/Turing/module_3/road_tripper/config/application.rb": [
        1,
        null,
        1,
        null,
        1,
        1,
        1,
        1,
        1,
        1,
        1,
        null,
        null,
        null,
        null,
        1,
        null,
        1,
        1,
        null,
        null,
        null,
        null,
        null,
        null,
        null,
        null,
        null,
        null,
        null,
        null,
        null,
        1,
        1,
        null,
        null
      ],
      "/Users/Maximus225/Turing/module_3/road_tripper/config/boot.rb": [
        1,
        null,
        1
      ],
      "/Users/Maximus225/Turing/module_3/road_tripper/config/environments/test.rb": [
        1,
        null,
        null,
        null,
        null,
        null,
        null,
        1,
        null,
        null,
        null,
        null,
        1,
        null,
        null,
        1,
        1,
        null,
        null,
        1,
        1,
        null,
        null,
        1,
        null,
        null,
        1,
        null,
        null,
        null,
        null,
        1,
        null,
        null,
        1,
        null,
        null,
        1,
        null,
        null,
        null,
        null
      ],
      "/Users/Maximus225/Turing/module_3/road_tripper/config/initializers/assets.rb": [
        null,
        null,
        null,
        1,
        null,
        null,
        null,
        null,
        null,
        null,
        null
      ],
      "/Users/Maximus225/Turing/module_3/road_tripper/config/initializers/backtrace_silencers.rb": [
        null,
        null,
        null,
        null,
        null,
        null,
        null
      ],
      "/Users/Maximus225/Turing/module_3/road_tripper/config/initializers/cookies_serializer.rb": [
        null,
        null,
        1
      ],
      "/Users/Maximus225/Turing/module_3/road_tripper/config/initializers/filter_parameter_logging.rb": [
        null,
        null,
        null,
        1
      ],
      "/Users/Maximus225/Turing/module_3/road_tripper/config/initializers/inflections.rb": [
        null,
        null,
        null,
        null,
        null,
        null,
        null,
        null,
        null,
        null,
        null,
        null,
        null,
        null,
        null,
        null
      ],
      "/Users/Maximus225/Turing/module_3/road_tripper/config/initializers/mime_types.rb": [
        null,
        null,
        null,
        null
      ],
      "/Users/Maximus225/Turing/module_3/road_tripper/config/initializers/omniauth.rb": [
        1,
        1,
        null
      ],
      "/Users/Maximus225/Turing/module_3/road_tripper/config/initializers/session_store.rb": [
        null,
        null,
        1
      ],
      "/Users/Maximus225/Turing/module_3/road_tripper/config/initializers/wrap_parameters.rb": [
        null,
        null,
        null,
        null,
        null,
        null,
        1,
        1,
        null,
        null,
        null,
        null,
        null,
        null
      ],
      "/Users/Maximus225/Turing/module_3/road_tripper/config/routes.rb": [
        1,
        null,
        1,
        1,
        1,
        1,
        1,
        null,
        1,
        null
      ],
      "/Users/Maximus225/Turing/module_3/road_tripper/app/helpers/application_helper.rb": [
        1,
        null
      ],
      "/Users/Maximus225/Turing/module_3/road_tripper/spec/feature/user_logs_in_with_google_spec.rb": [
        1,
        null,
        1,
        1,
        null,
        1,
        1,
        1,
        null,
        null,
        1,
        null,
        1,
        1,
        null,
        1,
        null,
        1,
        1,
        1,
        1,
        null,
        null,
        1,
        1,
        1,
        null,
        null,
        null,
        null,
        null,
        null,
        null,
        null,
        null,
        null,
        null,
        null,
        null
      ],
      "/Users/Maximus225/Turing/module_3/road_tripper/spec/models/user_spec.rb": [
        1,
        null,
        1,
        null,
        1,
        null,
        null,
        null,
        2,
        null,
        1,
        1,
        1,
        null,
        1,
        null,
        null,
        1,
        1,
        null,
        null,
        null,
        null,
        1,
        null,
        null,
        1,
        1,
        null,
        null,
        null,
        null,
        1,
        null,
        null,
        1,
        1,
        1,
        null,
        null,
        null,
        null,
        null,
        1,
        null,
        null,
        1,
        1,
        null,
        null,
        null,
        null,
        1,
        null,
        null,
        1,
        1,
        null,
        null,
        null,
        null,
        1,
        null,
        null,
        1,
        1,
        null,
        null,
        null,
        null,
        1,
        null,
        null,
        null
      ],
      "/Users/Maximus225/Turing/module_3/road_tripper/app/models/user.rb": [
        1,
        1,
        null,
        1,
        null,
        null,
        1,
        null,
        1,
        null,
        1,
        null,
        null,
        1,
        1,
        null,
        1,
        1,
        1,
        1,
        1,
        1,
        null,
        1,
        null,
        null
      ],
      "/Users/Maximus225/Turing/module_3/road_tripper/app/controllers/welcome_controller.rb": [
        1,
        null,
        1,
        null,
        null
      ],
      "/Users/Maximus225/Turing/module_3/road_tripper/app/controllers/application_controller.rb": [
        1,
        null,
        null,
        1,
        null,
        1,
        null,
        1,
        null,
        1,
        7,
        null,
        null,
        1,
        null,
        1,
        5,
        null,
        null
      ],
      "/Users/Maximus225/Turing/module_3/road_tripper/app/controllers/sessions_controller.rb": [
        1,
        1,
        1,
        null,
        null,
        1,
        1,
        1,
        1,
        1,
        null,
        0,
        null,
        null,
        null,
        1,
        0,
        0,
        null,
        null,
        1,
        null,
        1,
        1,
        null,
        null
      ],
      "/Users/Maximus225/Turing/module_3/road_tripper/app/controllers/dashboard_controller.rb": [
        1,
        null,
        1,
        null,
        null
      ]
    },
    "timestamp": 1439394906
  }
}
